#
# A fatal error has been detected by the Java Runtime Environment:
#
#  Internal Error (sharedRuntime.cpp:833), pid=11436, tid=11200
#  fatal error: exception happened outside interpreter, nmethods and vtable stubs at pc 0x0000000003304750
#
# JRE version: Java(TM) SE Runtime Environment (8.0_31-b13) (build 1.8.0_31-b13)
# Java VM: Java HotSpot(TM) 64-Bit Server VM (25.31-b07 mixed mode windows-amd64 compressed oops)
# Failed to write core dump. Minidumps are not enabled by default on client versions of Windows
#
# If you would like to submit a bug report, please visit:
#   http://bugreport.java.com/bugreport/crash.jsp
#

---------------  T H R E A D  ---------------

Current thread (0x000000002067d000):  JavaThread "LittleProxy-0-ProxyToServerWorker-7" [_thread_in_Java, id=11200, stack(0x000000002c290000,0x000000002c390000)]

Stack: [0x000000002c290000,0x000000002c390000]
Native frames: (J=compiled Java code, j=interpreted, Vv=VM code, C=native code)
V  [jvm.dll+0x3169ba]
V  [jvm.dll+0x2674c3]
V  [jvm.dll+0x268103]
V  [jvm.dll+0x25f876]
V  [jvm.dll+0x213b2e]
V  [jvm.dll+0x284880]
V  [jvm.dll+0x316848]
C  [ntdll.dll+0xa229f]
C  [ntdll.dll+0x51454]
C  [ntdll.dll+0xa0dce]
C  0x0000000003304750


---------------  P R O C E S S  ---------------

Java Threads: ( => current thread )
  0x0000000020680000 JavaThread "ForkJoinPool.commonPool-worker-2" daemon [_thread_blocked, id=9220, stack(0x000000002cd90000,0x000000002ce90000)]
  0x000000002067e800 JavaThread "OkHttp TaskRunner" daemon [_thread_blocked, id=7308, stack(0x000000002c590000,0x000000002c690000)]
  0x0000000020678800 JavaThread "ForkJoinPool.commonPool-worker-1" daemon [_thread_in_vm, id=556, stack(0x000000002cc90000,0x000000002cd90000)]
  0x000000002067f800 JavaThread "Okio Watchdog" daemon [_thread_blocked, id=5908, stack(0x000000002cb90000,0x000000002cc90000)]
=>0x000000002067d000 JavaThread "LittleProxy-0-ProxyToServerWorker-7" [_thread_in_Java, id=11200, stack(0x000000002c290000,0x000000002c390000)]
  0x000000002067c000 JavaThread "LittleProxy-0-ProxyToServerWorker-6" [_thread_in_vm, id=9732, stack(0x000000002c190000,0x000000002c290000)]
  0x0000000020674800 JavaThread "LittleProxy-0-ProxyToServerWorker-5" [_thread_in_native, id=4656, stack(0x000000002c090000,0x000000002c190000)]
  0x000000002067b800 JavaThread "LittleProxy-0-ProxyToServerWorker-4" [_thread_in_native, id=7280, stack(0x000000002bf90000,0x000000002c090000)]
  0x0000000020679000 JavaThread "LittleProxy-0-ProxyToServerWorker-3" [_thread_in_native, id=12232, stack(0x000000002be90000,0x000000002bf90000)]
  0x0000000020677000 JavaThread "LittleProxy-0-ClientToProxyWorker-7" [_thread_blocked, id=11904, stack(0x000000002bd90000,0x000000002be90000)]
  0x0000000020676000 JavaThread "LittleProxy-0-ClientToProxyWorker-6" [_thread_in_native, id=7028, stack(0x000000002bc90000,0x000000002bd90000)]
  0x000000002067a800 JavaThread "LittleProxy-0-ClientToProxyWorker-5" [_thread_in_native, id=6572, stack(0x000000002bb90000,0x000000002bc90000)]
  0x0000000020674000 JavaThread "LittleProxy-0-ClientToProxyWorker-4" [_thread_in_vm, id=4476, stack(0x000000002ba90000,0x000000002bb90000)]
  0x0000000020675800 JavaThread "LittleProxy-0-ClientToProxyWorker-3" [_thread_in_native, id=12064, stack(0x0000000028b70000,0x0000000028c70000)]
  0x0000000020673000 JavaThread "LittleProxy-0-ProxyToServerWorker-2" [_thread_in_native, id=11464, stack(0x000000002b170000,0x000000002b270000)]
  0x000000001cd1a800 JavaThread "LittleProxy-0-ProxyToServerWorker-1" [_thread_in_native, id=10256, stack(0x000000002b070000,0x000000002b170000)]
  0x000000001cd18800 JavaThread "LittleProxy-0-ClientToProxyWorker-2" [_thread_in_native, id=4652, stack(0x000000002a750000,0x000000002a850000)]
  0x000000001cd1e800 JavaThread "LittleProxy-0-ClientToProxyWorker-1" [_thread_in_native, id=8540, stack(0x000000002a650000,0x000000002a750000)]
  0x000000001cd1b800 JavaThread "AsyncHttpClient-4-4" daemon [_thread_in_native, id=12016, stack(0x00000000299b0000,0x0000000029ab0000)]
  0x000000001cd19000 JavaThread "AsyncHttpClient-4-3" daemon [_thread_in_native, id=3712, stack(0x0000000029480000,0x0000000029580000)]
  0x000000001cd1d000 JavaThread "LittleProxy-0-ProxyToServerWorker-0" [_thread_in_native, id=3424, stack(0x0000000029b20000,0x0000000029c20000)]
  0x000000001cd1d800 JavaThread "LittleProxy-0-ClientToProxyWorker-0" [_thread_in_native, id=11924, stack(0x0000000029380000,0x0000000029480000)]
  0x000000001cd1c000 JavaThread "AsyncHttpClient-4-2" daemon [_thread_in_native, id=9784, stack(0x0000000028c70000,0x0000000028d70000)]
  0x000000001cd1a000 JavaThread "Exec Stream Pumper" daemon [_thread_in_native, id=1320, stack(0x0000000028870000,0x0000000028970000)]
  0x00000000204a9800 JavaThread "Exec Stream Pumper" daemon [_thread_in_native, id=11736, stack(0x0000000028770000,0x0000000028870000)]
  0x000000001cf65000 JavaThread "UrlChecker-2" daemon [_thread_blocked, id=9164, stack(0x0000000028670000,0x0000000028770000)]
  0x0000000026d53000 JavaThread "Driver Service Executor" daemon [_thread_blocked, id=2800, stack(0x0000000028570000,0x0000000028670000)]
  0x000000001ce91800 JavaThread "Driver Service Executor" daemon [_thread_blocked, id=10704, stack(0x0000000025cf0000,0x0000000025df0000)]
  0x00000000264ae800 JavaThread "Exec Default Executor" daemon [_thread_in_native, id=1316, stack(0x0000000024b60000,0x0000000024c60000)]
  0x000000002777f800 JavaThread "AsyncHttpClient-4-1" daemon [_thread_blocked, id=7300, stack(0x00000000237a0000,0x00000000238a0000)]
  0x000000001ece8800 JavaThread "LittleProxy-0-ClientToProxyAcceptor-0" [_thread_in_native, id=8108, stack(0x00000000230e0000,0x00000000231e0000)]
  0x000000001f039000 JavaThread "lettuce-timer-3-1" daemon [_thread_blocked, id=6920, stack(0x0000000020ff0000,0x00000000210f0000)]
  0x000000001efb9000 JavaThread "Thread-3" daemon [_thread_in_native, id=11568, stack(0x000000001f720000,0x000000001f820000)]
  0x000000001cae0000 JavaThread "Service Thread" daemon [_thread_blocked, id=5016, stack(0x000000001da50000,0x000000001db50000)]
  0x000000001c710800 JavaThread "C1 CompilerThread2" daemon [_thread_blocked, id=11600, stack(0x000000001c980000,0x000000001ca80000)]
  0x000000001c707800 JavaThread "C2 CompilerThread1" daemon [_thread_blocked, id=11488, stack(0x000000001c880000,0x000000001c980000)]
  0x000000001c707000 JavaThread "C2 CompilerThread0" daemon [_thread_blocked, id=11444, stack(0x000000001c780000,0x000000001c880000)]
  0x000000001a364000 JavaThread "JDWP Command Reader" daemon [_thread_in_native, id=11320, stack(0x000000001be80000,0x000000001bf80000)]
  0x000000001a360800 JavaThread "JDWP Event Helper Thread" daemon [_thread_blocked, id=11292, stack(0x000000001bd80000,0x000000001be80000)]
  0x000000001a355000 JavaThread "JDWP Transport Listener: dt_socket" daemon [_thread_blocked, id=4056, stack(0x000000001bc80000,0x000000001bd80000)]
  0x000000001b6c2800 JavaThread "Attach Listener" daemon [_thread_blocked, id=5536, stack(0x000000001bb80000,0x000000001bc80000)]
  0x000000001a33e000 JavaThread "Signal Dispatcher" daemon [_thread_blocked, id=11848, stack(0x000000001ba80000,0x000000001bb80000)]
  0x00000000030ae000 JavaThread "Finalizer" daemon [_thread_blocked, id=11876, stack(0x000000001b580000,0x000000001b680000)]
  0x000000001a2e8800 JavaThread "Reference Handler" daemon [_thread_blocked, id=9372, stack(0x000000001b480000,0x000000001b580000)]
  0x0000000002fbc000 JavaThread "main" [_thread_blocked, id=10872, stack(0x0000000002eb0000,0x0000000002fb0000)]

Other Threads:
  0x000000001a2e6800 VMThread [stack: 0x000000001b380000,0x000000001b480000] [id=5932]
  0x000000001cae3000 WatcherThread [stack: 0x000000001db50000,0x000000001dc50000] [id=11284]

VM state:synchronizing (normal execution)

VM Mutex/Monitor currently owned by a thread:  ([mutex/lock_event])
[0x0000000002fb9140] Safepoint_lock - owner thread: 0x000000001a2e6800
[0x0000000002fb91c0] Threads_lock - owner thread: 0x000000001a2e6800

Heap:
 PSYoungGen      total 408064K, used 309474K [0x0000000780a00000, 0x000000079c700000, 0x00000007c0000000)
  eden space 388096K, 74% used [0x0000000780a00000,0x00000007924b8c80,0x0000000798500000)
  from space 19968K, 99% used [0x000000079a600000,0x000000079b97fdb0,0x000000079b980000)
  to   space 33792K, 0% used [0x0000000798500000,0x0000000798500000,0x000000079a600000)
 ParOldGen       total 184320K, used 58734K [0x0000000701e00000, 0x000000070d200000, 0x0000000780a00000)
  object space 184320K, 31% used [0x0000000701e00000,0x000000070575b8d8,0x000000070d200000)
 Metaspace       used 69718K, capacity 74434K, committed 74624K, reserved 1114112K
  class space    used 9061K, capacity 9820K, committed 9856K, reserved 1048576K

Card table byte_map: [0x0000000012670000,0x0000000012c70000] byte_map_base: 0x000000000ee61000

Marking Bits: (ParMarkBitMap*) 0x000000005c96d4f0
 Begin Bits: [0x0000000013470000, 0x00000000163f8000)
 End Bits:   [0x00000000163f8000, 0x0000000019380000)

Polling page: 0x00000000009f0000

CodeCache: size=245760Kb used=20162Kb max_used=20187Kb free=225597Kb
 bounds [0x00000000032b0000, 0x0000000004680000, 0x00000000122b0000]
 total_blobs=6470 nmethods=5840 adapters=548
 compilation: enabled

Compilation events (10 events):
Event: 52.204 Thread 0x000000001c710800 6832       3       java.nio.charset.CharsetDecoder::<init> (108 bytes)
Event: 52.205 Thread 0x000000001c710800 nmethod 6832 0x0000000004676c90 code [0x0000000004676e60, 0x0000000004677528]
Event: 52.211 Thread 0x000000001c710800 6833       3       kotlin.text.StringsKt__StringsJVMKt::equals (32 bytes)
Event: 52.211 Thread 0x000000001c710800 nmethod 6833 0x0000000004676610 code [0x00000000046767a0, 0x0000000004676b58]
Event: 57.012 Thread 0x000000001c707800 6834       4       io.netty.buffer.AbstractReferenceCountedByteBuf::touch (6 bytes)
Event: 57.013 Thread 0x000000001c707800 nmethod 6834 0x000000000467bf10 code [0x000000000467c040, 0x000000000467c0b8]
Event: 57.014 Thread 0x000000001c710800 6835       1       org.littleshoot.proxy.impl.ProxyToServerConnection::access$000 (5 bytes)
Event: 57.014 Thread 0x000000001c710800 nmethod 6835 0x00000000033c7090 code [0x00000000033c71e0, 0x00000000033c72d0]
Event: 57.015 Thread 0x000000001c707000 6836       4       io.netty.channel.AbstractChannelHandlerContext::write (9 bytes)
Event: 57.016 Thread 0x000000001c707000 nmethod 6836 0x00000000033c6e10 code [0x00000000033c6f60, 0x00000000033c7008]

GC Heap History (10 events):
Event: 12.283 GC heap before
{Heap before GC invocations=9 (full 2):
 PSYoungGen      total 248832K, used 236544K [0x0000000780a00000, 0x0000000796000000, 0x00000007c0000000)
  eden space 236544K, 100% used [0x0000000780a00000,0x000000078f100000,0x000000078f100000)
  from space 12288K, 0% used [0x000000078fd00000,0x000000078fd00000,0x0000000790900000)
  to   space 12288K, 0% used [0x000000078f100000,0x000000078f100000,0x000000078fd00000)
 ParOldGen       total 122880K, used 11653K [0x0000000701e00000, 0x0000000709600000, 0x0000000780a00000)
  object space 122880K, 9% used [0x0000000701e00000,0x00000007029616a8,0x0000000709600000)
 Metaspace       used 44225K, capacity 47148K, committed 47360K, reserved 1089536K
  class space    used 5785K, capacity 6288K, committed 6400K, reserved 1048576K
Event: 12.296 GC heap after
Heap after GC invocations=9 (full 2):
 PSYoungGen      total 248832K, used 12278K [0x0000000780a00000, 0x0000000796b80000, 0x00000007c0000000)
  eden space 236544K, 0% used [0x0000000780a00000,0x0000000780a00000,0x000000078f100000)
  from space 12288K, 99% used [0x000000078f100000,0x000000078fcfda28,0x000000078fd00000)
  to   space 14336K, 0% used [0x0000000795d80000,0x0000000795d80000,0x0000000796b80000)
 ParOldGen       total 122880K, used 13126K [0x0000000701e00000, 0x0000000709600000, 0x0000000780a00000)
  object space 122880K, 10% used [0x0000000701e00000,0x0000000702ad1a00,0x0000000709600000)
 Metaspace       used 44225K, capacity 47148K, committed 47360K, reserved 1089536K
  class space    used 5785K, capacity 6288K, committed 6400K, reserved 1048576K
}
Event: 14.680 GC heap before
{Heap before GC invocations=10 (full 2):
 PSYoungGen      total 248832K, used 248822K [0x0000000780a00000, 0x0000000796b80000, 0x00000007c0000000)
  eden space 236544K, 100% used [0x0000000780a00000,0x000000078f100000,0x000000078f100000)
  from space 12288K, 99% used [0x000000078f100000,0x000000078fcfda28,0x000000078fd00000)
  to   space 14336K, 0% used [0x0000000795d80000,0x0000000795d80000,0x0000000796b80000)
 ParOldGen       total 122880K, used 13126K [0x0000000701e00000, 0x0000000709600000, 0x0000000780a00000)
  object space 122880K, 10% used [0x0000000701e00000,0x0000000702ad1a00,0x0000000709600000)
 Metaspace       used 48562K, capacity 52218K, committed 52480K, reserved 1095680K
  class space    used 6438K, capacity 7043K, committed 7168K, reserved 1048576K
Event: 14.706 GC heap after
Heap after GC invocations=10 (full 2):
 PSYoungGen      total 344064K, used 14335K [0x0000000780a00000, 0x0000000796c00000, 0x00000007c0000000)
  eden space 329728K, 0% used [0x0000000780a00000,0x0000000780a00000,0x0000000794c00000)
  from space 14336K, 99% used [0x0000000795d80000,0x0000000796b7fda8,0x0000000796b80000)
  to   space 16384K, 0% used [0x0000000794c00000,0x0000000794c00000,0x0000000795c00000)
 ParOldGen       total 122880K, used 13414K [0x0000000701e00000, 0x0000000709600000, 0x0000000780a00000)
  object space 122880K, 10% used [0x0000000701e00000,0x0000000702b19b28,0x0000000709600000)
 Metaspace       used 48562K, capacity 52218K, committed 52480K, reserved 1095680K
  class space    used 6438K, capacity 7043K, committed 7168K, reserved 1048576K
}
Event: 17.649 GC heap before
{Heap before GC invocations=11 (full 2):
 PSYoungGen      total 344064K, used 238251K [0x0000000780a00000, 0x0000000796c00000, 0x00000007c0000000)
  eden space 329728K, 67% used [0x0000000780a00000,0x000000078e4aaea0,0x0000000794c00000)
  from space 14336K, 99% used [0x0000000795d80000,0x0000000796b7fda8,0x0000000796b80000)
  to   space 16384K, 0% used [0x0000000794c00000,0x0000000794c00000,0x0000000795c00000)
 ParOldGen       total 122880K, used 13414K [0x0000000701e00000, 0x0000000709600000, 0x0000000780a00000)
  object space 122880K, 10% used [0x0000000701e00000,0x0000000702b19b28,0x0000000709600000)
 Metaspace       used 55026K, capacity 58946K, committed 59160K, reserved 1099776K
  class space    used 7434K, capacity 8044K, committed 8064K, reserved 1048576K
Event: 17.669 GC heap after
Heap after GC invocations=11 (full 2):
 PSYoungGen      total 346112K, used 16372K [0x0000000780a00000, 0x000000079b980000, 0x00000007c0000000)
  eden space 329728K, 0% used [0x0000000780a00000,0x0000000780a00000,0x0000000794c00000)
  from space 16384K, 99% used [0x0000000794c00000,0x0000000795bfd220,0x0000000795c00000)
  to   space 19968K, 0% used [0x000000079a600000,0x000000079a600000,0x000000079b980000)
 ParOldGen       total 122880K, used 17492K [0x0000000701e00000, 0x0000000709600000, 0x0000000780a00000)
  object space 122880K, 14% used [0x0000000701e00000,0x0000000702f152d0,0x0000000709600000)
 Metaspace       used 55026K, capacity 58946K, committed 59160K, reserved 1099776K
  class space    used 7434K, capacity 8044K, committed 8064K, reserved 1048576K
}
Event: 17.669 GC heap before
{Heap before GC invocations=12 (full 3):
 PSYoungGen      total 346112K, used 16372K [0x0000000780a00000, 0x000000079b980000, 0x00000007c0000000)
  eden space 329728K, 0% used [0x0000000780a00000,0x0000000780a00000,0x0000000794c00000)
  from space 16384K, 99% used [0x0000000794c00000,0x0000000795bfd220,0x0000000795c00000)
  to   space 19968K, 0% used [0x000000079a600000,0x000000079a600000,0x000000079b980000)
 ParOldGen       total 122880K, used 17492K [0x0000000701e00000, 0x0000000709600000, 0x0000000780a00000)
  object space 122880K, 14% used [0x0000000701e00000,0x0000000702f152d0,0x0000000709600000)
 Metaspace       used 55026K, capacity 58946K, committed 59160K, reserved 1099776K
  class space    used 7434K, capacity 8044K, committed 8064K, reserved 1048576K
Event: 17.894 GC heap after
Heap after GC invocations=12 (full 3):
 PSYoungGen      total 346112K, used 0K [0x0000000780a00000, 0x000000079b980000, 0x00000007c0000000)
  eden space 329728K, 0% used [0x0000000780a00000,0x0000000780a00000,0x0000000794c00000)
  from space 16384K, 0% used [0x0000000794c00000,0x0000000794c00000,0x0000000795c00000)
  to   space 19968K, 0% used [0x000000079a600000,0x000000079a600000,0x000000079b980000)
 ParOldGen       total 184320K, used 29230K [0x0000000701e00000, 0x000000070d200000, 0x0000000780a00000)
  object space 184320K, 15% used [0x0000000701e00000,0x0000000703a8b938,0x000000070d200000)
 Metaspace       used 55024K, capacity 58944K, committed 59160K, reserved 1099776K
  class space    used 7433K, capacity 8043K, committed 8064K, reserved 1048576K
}
Event: 35.292 GC heap before
{Heap before GC invocations=13 (full 3):
 PSYoungGen      total 346112K, used 329728K [0x0000000780a00000, 0x000000079b980000, 0x00000007c0000000)
  eden space 329728K, 100% used [0x0000000780a00000,0x0000000794c00000,0x0000000794c00000)
  from space 16384K, 0% used [0x0000000794c00000,0x0000000794c00000,0x0000000795c00000)
  to   space 19968K, 0% used [0x000000079a600000,0x000000079a600000,0x000000079b980000)
 ParOldGen       total 184320K, used 29230K [0x0000000701e00000, 0x000000070d200000, 0x0000000780a00000)
  object space 184320K, 15% used [0x0000000701e00000,0x0000000703a8b938,0x000000070d200000)
 Metaspace       used 64553K, capacity 69126K, committed 69376K, reserved 1110016K
  class space    used 8714K, capacity 9444K, committed 9472K, reserved 1048576K
Event: 35.306 GC heap after
Heap after GC invocations=13 (full 3):
 PSYoungGen      total 408064K, used 19967K [0x0000000780a00000, 0x000000079c700000, 0x00000007c0000000)
  eden space 388096K, 0% used [0x0000000780a00000,0x0000000780a00000,0x0000000798500000)
  from space 19968K, 99% used [0x000000079a600000,0x000000079b97fdb0,0x000000079b980000)
  to   space 33792K, 0% used [0x0000000798500000,0x0000000798500000,0x000000079a600000)
 ParOldGen       total 184320K, used 58734K [0x0000000701e00000, 0x000000070d200000, 0x0000000780a00000)
  object space 184320K, 31% used [0x0000000701e00000,0x000000070575b8d8,0x000000070d200000)
 Metaspace       used 64553K, capacity 69126K, committed 69376K, reserved 1110016K
  class space    used 8714K, capacity 9444K, committed 9472K, reserved 1048576K
}

Deoptimization events (10 events):
Event: 48.728 Thread 0x000000001cd1c000 Uncommon trap: reason=unreached action=reinterpret pc=0x0000000003daf798 method=io.netty.util.internal.InternalThreadLocalMap.get()Lio/netty/util/internal/InternalThreadLocalMap; @ 8
Event: 48.764 Thread 0x0000000002fbc000 Uncommon trap: reason=class_check action=maybe_recompile pc=0x00000000044a6bd8 method=io.netty.handler.codec.http.DefaultHttpHeaders$HeaderValueConverterAndValidator.convertObject(Ljava/lang/Object;)Ljava/lang/CharSequence; @ 14
Event: 48.783 Thread 0x0000000002fbc000 Uncommon trap: reason=unreached action=reinterpret pc=0x00000000038bc530 method=java.util.ArrayList.indexOf(Ljava/lang/Object;)I @ 1
Event: 48.788 Thread 0x0000000002fbc000 Uncommon trap: reason=class_check action=maybe_recompile pc=0x00000000044a6bd8 method=io.netty.handler.codec.http.DefaultHttpHeaders$HeaderValueConverterAndValidator.convertObject(Ljava/lang/Object;)Ljava/lang/CharSequence; @ 14
Event: 48.888 Thread 0x0000000002fbc000 Uncommon trap: reason=class_check action=maybe_recompile pc=0x00000000044a6bd8 method=io.netty.handler.codec.http.DefaultHttpHeaders$HeaderValueConverterAndValidator.convertObject(Ljava/lang/Object;)Ljava/lang/CharSequence; @ 14
Event: 48.905 Thread 0x0000000002fbc000 Uncommon trap: reason=class_check action=maybe_recompile pc=0x00000000044a6bd8 method=io.netty.handler.codec.http.DefaultHttpHeaders$HeaderValueConverterAndValidator.convertObject(Ljava/lang/Object;)Ljava/lang/CharSequence; @ 14
Event: 50.605 Thread 0x0000000002fbc000 Uncommon trap: reason=bimorphic action=maybe_recompile pc=0x000000000437c880 method=java.util.regex.Pattern$Branch.study(Ljava/util/regex/Pattern$TreeInfo;)Z @ 57
Event: 50.696 Thread 0x0000000002fbc000 Uncommon trap: reason=unloaded action=reinterpret pc=0x000000000372d18c method=java.lang.Integer.parseInt(Ljava/lang/String;I)I @ 201
Event: 50.718 Thread 0x0000000002fbc000 Uncommon trap: reason=bimorphic action=maybe_recompile pc=0x000000000437c880 method=java.util.regex.Pattern$Branch.study(Ljava/util/regex/Pattern$TreeInfo;)Z @ 57
Event: 50.718 Thread 0x0000000002fbc000 Uncommon trap: reason=bimorphic action=maybe_recompile pc=0x000000000437c880 method=java.util.regex.Pattern$Branch.study(Ljava/util/regex/Pattern$TreeInfo;)Z @ 57

Internal exceptions (10 events):
Event: 52.204 Thread 0x0000000002fbc000 Exception <a 'java/security/PrivilegedActionException'> (0x0000000790b07f90) thrown at [C:\workspace\8-2-build-windows-amd64-cygwin\jdk8u31\2394\hotspot\src\share\vm\prims\jvm.cpp, line 1312]
Event: 52.206 Thread 0x0000000002fbc000 Exception <a 'java/security/PrivilegedActionException'> (0x0000000790b1c290) thrown at [C:\workspace\8-2-build-windows-amd64-cygwin\jdk8u31\2394\hotspot\src\share\vm\prims\jvm.cpp, line 1312]
Event: 52.207 Thread 0x0000000002fbc000 Exception <a 'java/security/PrivilegedActionException'> (0x0000000791b53e20) thrown at [C:\workspace\8-2-build-windows-amd64-cygwin\jdk8u31\2394\hotspot\src\share\vm\prims\jvm.cpp, line 1312]
Event: 52.209 Thread 0x0000000002fbc000 Exception <a 'java/security/PrivilegedActionException'> (0x0000000791b64ef0) thrown at [C:\workspace\8-2-build-windows-amd64-cygwin\jdk8u31\2394\hotspot\src\share\vm\prims\jvm.cpp, line 1312]
Event: 52.210 Thread 0x0000000002fbc000 Exception <a 'java/security/PrivilegedActionException'> (0x0000000791b76360) thrown at [C:\workspace\8-2-build-windows-amd64-cygwin\jdk8u31\2394\hotspot\src\share\vm\prims\jvm.cpp, line 1312]
Event: 52.210 Thread 0x0000000002fbc000 Exception <a 'java/security/PrivilegedActionException'> (0x0000000791b80c58) thrown at [C:\workspace\8-2-build-windows-amd64-cygwin\jdk8u31\2394\hotspot\src\share\vm\prims\jvm.cpp, line 1312]
Event: 52.211 Thread 0x0000000002fbc000 Exception <a 'java/security/PrivilegedActionException'> (0x0000000791b8d648) thrown at [C:\workspace\8-2-build-windows-amd64-cygwin\jdk8u31\2394\hotspot\src\share\vm\prims\jvm.cpp, line 1312]
Event: 52.212 Thread 0x0000000002fbc000 Exception <a 'java/security/PrivilegedActionException'> (0x0000000791b9f780) thrown at [C:\workspace\8-2-build-windows-amd64-cygwin\jdk8u31\2394\hotspot\src\share\vm\prims\jvm.cpp, line 1312]
Event: 52.214 Thread 0x0000000002fbc000 Exception <a 'java/security/PrivilegedActionException'> (0x0000000791bb7fa8) thrown at [C:\workspace\8-2-build-windows-amd64-cygwin\jdk8u31\2394\hotspot\src\share\vm\prims\jvm.cpp, line 1312]
Event: 52.216 Thread 0x0000000002fbc000 Exception <a 'java/security/PrivilegedActionException'> (0x0000000791bc6d28) thrown at [C:\workspace\8-2-build-windows-amd64-cygwin\jdk8u31\2394\hotspot\src\share\vm\prims\jvm.cpp, line 1312]

Events (10 events):
Event: 57.033 Thread 0x0000000020679000 DEOPT PACKING pc=0x000000000437615c sp=0x000000002bf8d860
Event: 57.033 Thread 0x0000000020679000 DEOPT UNPACKING pc=0x00000000032f75bf sp=0x000000002bf8d618 mode 1
Event: 57.034 Thread 0x0000000020679000 DEOPT PACKING pc=0x000000000438f3bc sp=0x000000002bf8d9c0
Event: 57.034 Thread 0x0000000020679000 DEOPT UNPACKING pc=0x00000000032f75bf sp=0x000000002bf8d700 mode 1
Event: 57.034 Thread 0x0000000020679000 DEOPT PACKING pc=0x00000000043e595c sp=0x000000002bf8da40
Event: 57.034 Thread 0x0000000020679000 DEOPT UNPACKING pc=0x00000000032f75bf sp=0x000000002bf8d8c0 mode 1
Event: 57.034 Thread 0x000000002067d000 DEOPT PACKING pc=0x000000000438f3bc sp=0x000000002c38db90
Event: 57.034 Thread 0x000000002067d000 DEOPT UNPACKING pc=0x00000000032f75bf sp=0x000000002c38d8d0 mode 1
Event: 57.034 Thread 0x000000002067d000 DEOPT PACKING pc=0x00000000043e595c sp=0x000000002c38dc10
Event: 57.034 Thread 0x000000002067d000 DEOPT UNPACKING pc=0x00000000032f75bf sp=0x000000002c38da90 mode 1


Dynamic libraries:
0x00007ff6dc450000 - 0x00007ff6dc484000 	D:\xsx-tools\jdk\jdk8\jdk1.8\jdk\bin\java.exe
0x00007fff91a30000 - 0x00007fff91c28000 	C:\Windows\SYSTEM32\ntdll.dll
0x00007fff914d0000 - 0x00007fff9158d000 	C:\Windows\System32\KERNEL32.DLL
0x00007fff8f3c0000 - 0x00007fff8f68e000 	C:\Windows\System32\KERNELBASE.dll
0x00007fff91590000 - 0x00007fff9163e000 	C:\Windows\System32\ADVAPI32.dll
0x00007fff8fc60000 - 0x00007fff8fcfe000 	C:\Windows\System32\msvcrt.dll
0x00007fff8fbc0000 - 0x00007fff8fc5c000 	C:\Windows\System32\sechost.dll
0x00007fff8fa90000 - 0x00007fff8fbb5000 	C:\Windows\System32\RPCRT4.dll
0x00007fff90ec0000 - 0x00007fff91060000 	C:\Windows\System32\USER32.dll
0x00007fff8f390000 - 0x00007fff8f3b2000 	C:\Windows\System32\win32u.dll
0x00007fff90d50000 - 0x00007fff90d7a000 	C:\Windows\System32\GDI32.dll
0x00007fff8f7c0000 - 0x00007fff8f8cb000 	C:\Windows\System32\gdi32full.dll
0x00007fff8f720000 - 0x00007fff8f7bd000 	C:\Windows\System32\msvcp_win.dll
0x00007fff8f990000 - 0x00007fff8fa90000 	C:\Windows\System32\ucrtbase.dll
0x00007fff7c810000 - 0x00007fff7caaa000 	C:\Windows\WinSxS\amd64_microsoft.windows.common-controls_6595b64144ccf1df_6.0.19041.1110_none_60b5254171f9507e\COMCTL32.dll
0x00007fff91060000 - 0x00007fff91090000 	C:\Windows\System32\IMM32.DLL
0x000000005c9f0000 - 0x000000005cac2000 	D:\xsx-tools\jdk\jdk8\jdk1.8\jdk\jre\bin\msvcr100.dll
0x000000005c190000 - 0x000000005c9ea000 	D:\xsx-tools\jdk\jdk8\jdk1.8\jdk\jre\bin\server\jvm.dll
0x00007fff919e0000 - 0x00007fff919e8000 	C:\Windows\System32\PSAPI.DLL
0x00007fff8ab70000 - 0x00007fff8ab79000 	C:\Windows\SYSTEM32\WSOCK32.dll
0x00007fff918c0000 - 0x00007fff9192b000 	C:\Windows\System32\WS2_32.dll
0x00007fff79b20000 - 0x00007fff79b47000 	C:\Windows\SYSTEM32\WINMM.dll
0x000000005c180000 - 0x000000005c18f000 	D:\xsx-tools\jdk\jdk8\jdk1.8\jdk\jre\bin\verify.dll
0x000000005c150000 - 0x000000005c178000 	D:\xsx-tools\jdk\jdk8\jdk1.8\jdk\jre\bin\java.dll
0x000000005c0b0000 - 0x000000005c0e5000 	D:\xsx-tools\jdk\jdk8\jdk1.8\jdk\jre\bin\jdwp.dll
0x000000005c0a0000 - 0x000000005c0a8000 	D:\xsx-tools\jdk\jdk8\jdk1.8\jdk\jre\bin\npt.dll
0x000000005c070000 - 0x000000005c093000 	D:\xsx-tools\jdk\jdk8\jdk1.8\jdk\jre\bin\instrument.dll
0x000000005c130000 - 0x000000005c146000 	D:\xsx-tools\jdk\jdk8\jdk1.8\jdk\jre\bin\zip.dll
0x00007fff904d0000 - 0x00007fff90c14000 	C:\Windows\System32\SHELL32.dll
0x00007fff8d210000 - 0x00007fff8d9a4000 	C:\Windows\SYSTEM32\windows.storage.dll
0x00007fff91090000 - 0x00007fff913e4000 	C:\Windows\System32\combase.dll
0x00007fff8ea00000 - 0x00007fff8ea30000 	C:\Windows\SYSTEM32\Wldp.dll
0x00007fff91930000 - 0x00007fff919dd000 	C:\Windows\System32\SHCORE.dll
0x00007fff90de0000 - 0x00007fff90e35000 	C:\Windows\System32\shlwapi.dll
0x00007fff8f090000 - 0x00007fff8f0af000 	C:\Windows\SYSTEM32\profapi.dll
0x000000005c060000 - 0x000000005c069000 	D:\xsx-tools\jdk\jdk8\jdk1.8\jdk\jre\bin\dt_socket.dll
0x00007fff8e7e0000 - 0x00007fff8e84a000 	C:\Windows\system32\mswsock.dll
0x000000005c110000 - 0x000000005c12a000 	D:\xsx-tools\jdk\jdk8\jdk1.8\jdk\jre\bin\net.dll
0x000000005c0f0000 - 0x000000005c101000 	D:\xsx-tools\jdk\jdk8\jdk1.8\jdk\jre\bin\nio.dll
0x000000005c050000 - 0x000000005c05d000 	D:\xsx-tools\jdk\jdk8\jdk1.8\jdk\jre\bin\management.dll
0x00007fff83300000 - 0x00007fff83317000 	C:\Windows\system32\napinsp.dll
0x00007fff832e0000 - 0x00007fff832fb000 	C:\Windows\system32\pnrpnsp.dll
0x00007fff89b40000 - 0x00007fff89b55000 	C:\Windows\system32\wshbth.dll
0x00007fff8ab50000 - 0x00007fff8ab6d000 	C:\Windows\system32\NLAapi.dll
0x00007fff8e4f0000 - 0x00007fff8e52b000 	C:\Windows\SYSTEM32\IPHLPAPI.DLL
0x00007fff8e530000 - 0x00007fff8e5fa000 	C:\Windows\SYSTEM32\DNSAPI.dll
0x00007fff90370000 - 0x00007fff90378000 	C:\Windows\System32\NSI.dll
0x00007fff832c0000 - 0x00007fff832d2000 	C:\Windows\System32\winrnr.dll
0x00007fff869d0000 - 0x00007fff869da000 	C:\Windows\System32\rasadhlp.dll
0x00007fff87880000 - 0x00007fff87900000 	C:\Windows\System32\fwpuclnt.dll
0x00007fff8f200000 - 0x00007fff8f227000 	C:\Windows\System32\bcrypt.dll
0x00007fff88080000 - 0x00007fff88097000 	C:\Windows\SYSTEM32\dhcpcsvc6.DLL
0x00007fff88060000 - 0x00007fff8807d000 	C:\Windows\SYSTEM32\dhcpcsvc.DLL
0x00007fff8eba0000 - 0x00007fff8ebb8000 	C:\Windows\SYSTEM32\CRYPTSP.dll
0x00007fff8e180000 - 0x00007fff8e1b4000 	C:\Windows\system32\rsaenh.dll
0x00007fff8f050000 - 0x00007fff8f07e000 	C:\Windows\SYSTEM32\USERENV.dll
0x00007fff8f690000 - 0x00007fff8f712000 	C:\Windows\System32\bcryptprimitives.dll
0x00007fff8e970000 - 0x00007fff8e97c000 	C:\Windows\SYSTEM32\CRYPTBASE.dll
0x000000005c020000 - 0x000000005c044000 	D:\xsx-tools\jdk\jdk8\jdk1.8\jdk\jre\bin\sunec.dll
0x000000005c010000 - 0x000000005c01b000 	D:\xsx-tools\jdk\jdk8\jdk1.8\jdk\jre\bin\sunmscapi.dll
0x00007fff8f230000 - 0x00007fff8f386000 	C:\Windows\System32\CRYPT32.dll
0x00007fff874f0000 - 0x00007fff876d4000 	C:\Windows\SYSTEM32\dbghelp.dll

VM Arguments:
jvm_args: -agentlib:jdwp=transport=dt_socket,address=127.0.0.1:49423,suspend=y,server=n -ea -Didea.test.cyclic.buffer.size=1048576 -javaagent:C:\Users\Administrator\.IntelliJIdea2019.1\system\captureAgent\debugger-agent.jar -Dfile.encoding=UTF-8 
java_command: com.intellij.rt.execution.junit.JUnitStarter -ideVersion5 -junit5 com.xsx.jsoup.service.kotak.LoginServiceTest,login
java_class_path (initial): D:\xsx-tools\idea\2019\IntelliJ IDEA 2019.1.3\lib\idea_rt.jar;D:\xsx-tools\idea\2019\IntelliJ IDEA 2019.1.3\plugins\junit\lib\junit-rt.jar;D:\xsx-tools\idea\2019\IntelliJ IDEA 2019.1.3\plugins\junit\lib\junit5-rt.jar;D:\xsx-tools\maven\maven_repository\org\junit\platform\junit-platform-launcher\1.8.2\junit-platform-launcher-1.8.2.jar;D:\xsx-tools\maven\maven_repository\org\junit\platform\junit-platform-engine\1.8.2\junit-platform-engine-1.8.2.jar;D:\xsx-tools\maven\maven_repository\org\opentest4j\opentest4j\1.2.0\opentest4j-1.2.0.jar;D:\xsx-tools\maven\maven_repository\org\junit\platform\junit-platform-commons\1.8.2\junit-platform-commons-1.8.2.jar;D:\xsx-tools\maven\maven_repository\org\apiguardian\apiguardian-api\1.1.2\apiguardian-api-1.1.2.jar;D:\xsx-tools\maven\maven_repository\org\junit\vintage\junit-vintage-engine\5.8.2\junit-vintage-engine-5.8.2.jar;D:\xsx-tools\maven\maven_repository\junit\junit\4.13.2\junit-4.13.2.jar;D:\xsx-tools\maven\maven_repository\org\hamcrest\hamcrest-core\1.3\hamcrest-core-1.3.jar;D:\xsx-tools\jdk\jdk8\jdk1.8\jdk\jre\lib\charsets.jar;D:\xsx-tools\jdk\jdk8\jdk1.8\jdk\jre\lib\deploy.jar;D:\xsx-tools\jdk\jdk8\jdk1.8\jdk\jre\lib\ext\access-bridge-64.jar;D:\xsx-tools\jdk\jdk8\jdk1.8\jdk\jre\lib\ext\cldrdata.jar;D:\xsx-tools\jdk\jdk8\jdk1.8\jdk\jre\lib\ext\dnsns.jar;D:\xsx-tools\jdk\jdk8\jdk1.8\jdk\jre\lib\ext\jaccess.jar;D:\xsx-tools\jdk\jdk8\jdk1.8\jdk\jre\lib\ext\jfxrt.jar;D:\xsx-tools\jdk\jdk8\jdk1.8\jdk\jre\lib\ext\localedata.jar;D:\xsx-tools\jdk\jdk8\jdk1.8\jdk\jre\lib\ext\nashorn.jar;D:\xsx-tools\jdk\jdk8\jdk1.8\jdk\jre\lib\ext\sunec.jar;D:\xsx-tools\jdk\jdk8\jdk1.8\jdk\jre\lib\ext\sunjce_provider.jar;D:\xsx-tools\jdk\jdk8\jdk1.8\jdk\jre\lib\ext\sunmscapi.jar;D:\xsx-tools\jdk\jdk8\jdk1.8\jdk\jre\lib\ext\sunpkcs11.jar;D:\xsx-tools\jdk\jdk8\jdk1.8\jdk\jre\lib\ext\zipfs.jar;D:\xsx-tools\jdk\jdk8\jdk1.8\jdk\jre\lib\javaws.jar;D:\xsx-tools\jdk\jdk8\jdk1.8\jdk\jre\lib\jce.jar;D:\xsx-tools\jdk\jdk8\jdk1.8\jdk\
Launcher Type: SUN_STANDARD

Environment Variables:
JAVA_HOME=D:\xsx-tools\jdk\jdk8\jdk1.8\jdk
CLASSPATH=.;%JAVA_HOME%\lib\dt.jar;%JAVA_HOME%\lib\tools.jar
PATH=D:\xsx-tools\VMware\bin\;C:\Windows\system32;C:\Windows;C:\Windows\System32\Wbem;C:\Windows\System32\WindowsPowerShell\v1.0\;C:\Windows\System32\OpenSSH\;D:\xsx-tools\git\Git\cmd;D:\xsx-tools\vagrant\bin;D:\xsx-tools\xftp\;D:\xsx-tools\go1.19\go;D:\xsx-tools\go1.19\go\bin;C:\Users\Administrator\AppData\Local\Microsoft\WindowsApps;D:\xsx-tools\jdk\jdk8\jdk1.8\jdk\bin;D:\xsx-tools\maven\maven3.8.6\apache-maven-3.8.6\bin;D:\xsx-tools\idea\2019\IntelliJ IDEA 2019.1.3\bin;D:\xsx-tools\fiddler;D:\xsx-tools\ocr;D:\xsx-tools\go1.19\go\bin;D:\xsx-tools\golang gcc\mingw64\bin;
USERNAME=Administrator
OS=Windows_NT
PROCESSOR_IDENTIFIER=Intel64 Family 6 Model 142 Stepping 9, GenuineIntel



---------------  S Y S T E M  ---------------

OS: Windows 8.1 , 64 bit Build 9600 

CPU:total 4 (2 cores per cpu, 2 threads per core) family 6 model 142 stepping 9, cmov, cx8, fxsr, mmx, sse, sse2, sse3, ssse3, sse4.1, sse4.2, popcnt, avx, avx2, aes, clmul, erms, lzcnt, ht, tsc, tscinvbit, bmi1, bmi2

Memory: 4k page, physical 12454628k(3507168k free), swap 18483940k(6972864k free)

vm_info: Java HotSpot(TM) 64-Bit Server VM (25.31-b07) for windows-amd64 JRE (1.8.0_31-b13), built on Dec 17 2014 21:00:28 by "java_re" with MS VC++ 10.0 (VS2010)

time: Wed Sep 14 11:25:24 2022
elapsed time: 57 seconds (0d 0h 0m 57s)

